<?xml version="1.0" encoding="UTF-8"?>
<testng-results ignored="0" total="1" passed="1" failed="0" skipped="0">
  <reporter-output>
    <line>
      <![CDATA[No of rows are::5]]>
    </line>
  </reporter-output>
  <suite started-at="2024-12-09T16:52:19 IST" name="Default suite" finished-at="2024-12-09T16:53:00 IST" duration-ms="41169">
    <groups>
    </groups>
    <test started-at="2024-12-09T16:52:19 IST" name="Default test" finished-at="2024-12-09T16:53:00 IST" duration-ms="41169">
      <class name="driverFactory.AppTest">
        <test-method is-config="true" signature="setUp()[pri:0, instance:driverFactory.AppTest@7bedc48a]" started-at="2024-12-09T16:52:19 IST" name="setUp" finished-at="2024-12-09T16:52:23 IST" duration-ms="4607" status="PASS">
          <reporter-output>
          </reporter-output>
        </test-method> <!-- setUp -->
        <test-method signature="startTest()[pri:0, instance:driverFactory.AppTest@7bedc48a]" started-at="2024-12-09T16:52:23 IST" name="startTest" finished-at="2024-12-09T16:52:54 IST" duration-ms="30629" status="PASS">
          <reporter-output>
            <line>
              <![CDATA[No of rows are::5]]>
            </line>
          </reporter-output>
        </test-method> <!-- startTest -->
        <test-method is-config="true" signature="tearDown()[pri:0, instance:driverFactory.AppTest@7bedc48a]" started-at="2024-12-09T16:52:54 IST" name="tearDown" finished-at="2024-12-09T16:53:00 IST" duration-ms="5878" status="PASS">
          <reporter-output>
          </reporter-output>
        </test-method> <!-- tearDown -->
      </class> <!-- driverFactory.AppTest -->
    </test> <!-- Default test -->
  </suite> <!-- Default suite -->
</testng-results>
