<?xml version="1.0" encoding="UTF-8"?>
<testng-results ignored="0" total="1" passed="1" failed="0" skipped="0">
  <reporter-output>
    <line>
      <![CDATA[Stock-000003745         Stock-000003745]]>
    </line>
  </reporter-output>
  <suite started-at="2024-12-03T16:29:11 IST" name="Default suite" finished-at="2024-12-03T16:29:38 IST" duration-ms="26371">
    <groups>
    </groups>
    <test started-at="2024-12-03T16:29:11 IST" name="Default test" finished-at="2024-12-03T16:29:38 IST" duration-ms="26371">
      <class name="driverFactory.AppTest">
        <test-method signature="startTest()[pri:0, instance:driverFactory.AppTest@31190526]" started-at="2024-12-03T16:29:11 IST" name="startTest" finished-at="2024-12-03T16:29:38 IST" duration-ms="26310" status="PASS">
          <reporter-output>
            <line>
              <![CDATA[Stock-000003745         Stock-000003745]]>
            </line>
          </reporter-output>
        </test-method> <!-- startTest -->
      </class> <!-- driverFactory.AppTest -->
    </test> <!-- Default test -->
  </suite> <!-- Default suite -->
</testng-results>
